<?xml version="1.0" encoding="UTF-8"?>
<!-- Generated by org.testng.reporters.JUnitReportReporter -->
<testsuite hostname="DESKTOP-SLALI14" failures="0" tests="4" name="api.test.UserTests" time="7.529" errors="0" timestamp="2023-05-03T20:01:33 PKT" skipped="0">
  <testcase classname="api.test.UserTests" name="testPostUser" time="3.192"/>
  <system-out/>
  <testcase classname="api.test.UserTests" name="testGetUserByName" time="1.122"/>
  <system-out/>
  <testcase classname="api.test.UserTests" name="testUpdateUserByName" time="2.139"/>
  <system-out/>
  <testcase classname="api.test.UserTests" name="testDeleteUserByName" time="1.076"/>
  <system-out/>
</testsuite> <!-- api.test.UserTests -->
